[4.294s] DEBUG:colcon:Command line arguments: ['/usr/bin/colcon', 'build']
[4.294s] DEBUG:colcon:Parsed command line arguments: Namespace(allow_overriding=[], ament_cmake_args=None, base_paths=['.'], build_base='build', catkin_cmake_args=None, catkin_skip_building_tests=False, cmake_args=None, cmake_clean_cache=False, cmake_clean_first=False, cmake_force_configure=False, cmake_target=None, cmake_target_skip_unavailable=False, continue_on_error=False, event_handlers=None, executor='parallel', ignore_user_meta=False, install_base='install', log_base=None, log_level=None, main=<bound method BuildVerb.main of <colcon_core.verb.build.BuildVerb object at 0x7f13371f1e50>>, merge_install=False, metas=['./colcon.meta'], packages_above=None, packages_above_and_dependencies=None, packages_above_depth=None, packages_end=None, packages_ignore=None, packages_ignore_regex=None, packages_select=None, packages_select_build_failed=False, packages_select_by_dep=None, packages_select_regex=None, packages_select_test_failures=False, packages_skip=None, packages_skip_build_finished=False, packages_skip_by_dep=None, packages_skip_regex=None, packages_skip_test_passed=False, packages_skip_up_to=None, packages_start=None, packages_up_to=None, packages_up_to_regex=None, parallel_workers=2, paths=None, symlink_install=False, test_result_base=None, verb_extension=<colcon_core.verb.build.BuildVerb object at 0x7f13371f1e50>, verb_name='build', verb_parser=<colcon_defaults.argument_parser.defaults.DefaultArgumentsDecorator object at 0x7f13370a8190>)
[5.226s] Level 1:colcon.colcon_core.package_discovery:discover_packages(colcon_meta) check parameters
[5.226s] Level 1:colcon.colcon_core.package_discovery:discover_packages(recursive) check parameters
[5.226s] Level 1:colcon.colcon_core.package_discovery:discover_packages(ignore) check parameters
[5.226s] Level 1:colcon.colcon_core.package_discovery:discover_packages(path) check parameters
[5.226s] Level 1:colcon.colcon_core.package_discovery:discover_packages(colcon_meta) discover
[5.226s] Level 1:colcon.colcon_core.package_discovery:discover_packages(recursive) discover
[5.226s] INFO:colcon.colcon_core.package_discovery:Crawling recursively for packages in '/home/ros2/ros2_ws'
[5.227s] Level 1:colcon.colcon_core.package_identification:_identify(.) by extensions ['ignore', 'ignore_ament_install']
[5.227s] Level 1:colcon.colcon_core.package_identification:_identify(.) by extension 'ignore'
[5.227s] Level 1:colcon.colcon_core.package_identification:_identify(.) by extension 'ignore_ament_install'
[5.227s] Level 1:colcon.colcon_core.package_identification:_identify(.) by extensions ['colcon_pkg']
[5.227s] Level 1:colcon.colcon_core.package_identification:_identify(.) by extension 'colcon_pkg'
[5.227s] Level 1:colcon.colcon_core.package_identification:_identify(.) by extensions ['colcon_meta']
[5.227s] Level 1:colcon.colcon_core.package_identification:_identify(.) by extension 'colcon_meta'
[5.227s] Level 1:colcon.colcon_core.package_identification:_identify(.) by extensions ['ros']
[5.227s] Level 1:colcon.colcon_core.package_identification:_identify(.) by extension 'ros'
[5.388s] Level 1:colcon.colcon_core.package_identification:_identify(.) by extensions ['cmake', 'python']
[5.389s] Level 1:colcon.colcon_core.package_identification:_identify(.) by extension 'cmake'
[5.389s] Level 1:colcon.colcon_core.package_identification:_identify(.) by extension 'python'
[5.389s] Level 1:colcon.colcon_core.package_identification:_identify(.) by extensions ['python_setup_py']
[5.389s] Level 1:colcon.colcon_core.package_identification:_identify(.) by extension 'python_setup_py'
[5.389s] Level 1:colcon.colcon_core.package_identification:_identify(build) by extensions ['ignore', 'ignore_ament_install']
[5.389s] Level 1:colcon.colcon_core.package_identification:_identify(build) by extension 'ignore'
[5.389s] Level 1:colcon.colcon_core.package_identification:_identify(build) ignored
[5.390s] Level 1:colcon.colcon_core.package_identification:_identify(install) by extensions ['ignore', 'ignore_ament_install']
[5.390s] Level 1:colcon.colcon_core.package_identification:_identify(install) by extension 'ignore'
[5.390s] Level 1:colcon.colcon_core.package_identification:_identify(install) ignored
[5.390s] Level 1:colcon.colcon_core.package_identification:_identify(log) by extensions ['ignore', 'ignore_ament_install']
[5.390s] Level 1:colcon.colcon_core.package_identification:_identify(log) by extension 'ignore'
[5.390s] Level 1:colcon.colcon_core.package_identification:_identify(log) ignored
[5.401s] Level 1:colcon.colcon_core.package_identification:_identify(src) by extensions ['ignore', 'ignore_ament_install']
[5.401s] Level 1:colcon.colcon_core.package_identification:_identify(src) by extension 'ignore'
[5.401s] Level 1:colcon.colcon_core.package_identification:_identify(src) by extension 'ignore_ament_install'
[5.401s] Level 1:colcon.colcon_core.package_identification:_identify(src) by extensions ['colcon_pkg']
[5.401s] Level 1:colcon.colcon_core.package_identification:_identify(src) by extension 'colcon_pkg'
[5.401s] Level 1:colcon.colcon_core.package_identification:_identify(src) by extensions ['colcon_meta']
[5.401s] Level 1:colcon.colcon_core.package_identification:_identify(src) by extension 'colcon_meta'
[5.402s] Level 1:colcon.colcon_core.package_identification:_identify(src) by extensions ['ros']
[5.402s] Level 1:colcon.colcon_core.package_identification:_identify(src) by extension 'ros'
[5.402s] Level 1:colcon.colcon_core.package_identification:_identify(src) by extensions ['cmake', 'python']
[5.402s] Level 1:colcon.colcon_core.package_identification:_identify(src) by extension 'cmake'
[5.402s] Level 1:colcon.colcon_core.package_identification:_identify(src) by extension 'python'
[5.402s] Level 1:colcon.colcon_core.package_identification:_identify(src) by extensions ['python_setup_py']
[5.402s] Level 1:colcon.colcon_core.package_identification:_identify(src) by extension 'python_setup_py'
[5.403s] Level 1:colcon.colcon_core.package_identification:_identify(src/robot_controller) by extensions ['ignore', 'ignore_ament_install']
[5.404s] Level 1:colcon.colcon_core.package_identification:_identify(src/robot_controller) by extension 'ignore'
[5.404s] Level 1:colcon.colcon_core.package_identification:_identify(src/robot_controller) by extension 'ignore_ament_install'
[5.404s] Level 1:colcon.colcon_core.package_identification:_identify(src/robot_controller) by extensions ['colcon_pkg']
[5.404s] Level 1:colcon.colcon_core.package_identification:_identify(src/robot_controller) by extension 'colcon_pkg'
[5.404s] Level 1:colcon.colcon_core.package_identification:_identify(src/robot_controller) by extensions ['colcon_meta']
[5.404s] Level 1:colcon.colcon_core.package_identification:_identify(src/robot_controller) by extension 'colcon_meta'
[5.404s] Level 1:colcon.colcon_core.package_identification:_identify(src/robot_controller) by extensions ['ros']
[5.404s] Level 1:colcon.colcon_core.package_identification:_identify(src/robot_controller) by extension 'ros'
[5.425s] DEBUG:colcon.colcon_core.package_identification:Package 'src/robot_controller' with type 'ros.ament_python' and name 'robot_controller'
[5.425s] Level 1:colcon.colcon_core.package_discovery:discover_packages(recursive) using defaults
[5.425s] Level 1:colcon.colcon_core.package_discovery:discover_packages(ignore) discover
[5.425s] Level 1:colcon.colcon_core.package_discovery:discover_packages(ignore) using defaults
[5.425s] Level 1:colcon.colcon_core.package_discovery:discover_packages(path) discover
[5.425s] Level 1:colcon.colcon_core.package_discovery:discover_packages(path) using defaults
[5.629s] Level 1:colcon.colcon_core.package_discovery:discover_packages(prefix_path) check parameters
[5.630s] Level 1:colcon.colcon_core.package_discovery:discover_packages(prefix_path) discover
[5.690s] DEBUG:colcon.colcon_installed_package_information.package_discovery:Found 372 installed packages in /opt/ros/foxy
[5.696s] Level 1:colcon.colcon_core.package_discovery:discover_packages(prefix_path) using defaults
[6.384s] Level 5:colcon.colcon_core.verb:set package 'robot_controller' build argument 'cmake_args' from command line to 'None'
[6.384s] Level 5:colcon.colcon_core.verb:set package 'robot_controller' build argument 'cmake_target' from command line to 'None'
[6.384s] Level 5:colcon.colcon_core.verb:set package 'robot_controller' build argument 'cmake_target_skip_unavailable' from command line to 'False'
[6.384s] Level 5:colcon.colcon_core.verb:set package 'robot_controller' build argument 'cmake_clean_cache' from command line to 'False'
[6.384s] Level 5:colcon.colcon_core.verb:set package 'robot_controller' build argument 'cmake_clean_first' from command line to 'False'
[6.384s] Level 5:colcon.colcon_core.verb:set package 'robot_controller' build argument 'cmake_force_configure' from command line to 'False'
[6.384s] Level 5:colcon.colcon_core.verb:set package 'robot_controller' build argument 'ament_cmake_args' from command line to 'None'
[6.384s] Level 5:colcon.colcon_core.verb:set package 'robot_controller' build argument 'catkin_cmake_args' from command line to 'None'
[6.385s] Level 5:colcon.colcon_core.verb:set package 'robot_controller' build argument 'catkin_skip_building_tests' from command line to 'False'
[6.385s] DEBUG:colcon.colcon_core.verb:Building package 'robot_controller' with the following arguments: {'ament_cmake_args': None, 'build_base': '/home/ros2/ros2_ws/build/robot_controller', 'catkin_cmake_args': None, 'catkin_skip_building_tests': False, 'cmake_args': None, 'cmake_clean_cache': False, 'cmake_clean_first': False, 'cmake_force_configure': False, 'cmake_target': None, 'cmake_target_skip_unavailable': False, 'install_base': '/home/ros2/ros2_ws/install/robot_controller', 'merge_install': False, 'path': '/home/ros2/ros2_ws/src/robot_controller', 'symlink_install': False, 'test_result_base': None}
[6.385s] INFO:colcon.colcon_core.executor:Executing jobs using 'parallel' executor
[6.387s] DEBUG:colcon.colcon_parallel_executor.executor.parallel:run_until_complete
[6.387s] INFO:colcon.colcon_ros.task.ament_python.build:Building ROS package in '/home/ros2/ros2_ws/src/robot_controller' with build type 'ament_python'
[6.387s] Level 1:colcon.colcon_core.shell:create_environment_hook('robot_controller', 'ament_prefix_path')
[6.420s] INFO:colcon.colcon_core.plugin_system:Skipping extension 'colcon_core.shell.bat': Not used on non-Windows systems
[6.420s] INFO:colcon.colcon_core.shell:Creating environment hook '/home/ros2/ros2_ws/install/robot_controller/share/robot_controller/hook/ament_prefix_path.ps1'
[6.458s] INFO:colcon.colcon_core.shell:Creating environment descriptor '/home/ros2/ros2_ws/install/robot_controller/share/robot_controller/hook/ament_prefix_path.dsv'
[6.470s] INFO:colcon.colcon_core.shell:Creating environment hook '/home/ros2/ros2_ws/install/robot_controller/share/robot_controller/hook/ament_prefix_path.sh'
[6.475s] INFO:colcon.colcon_core.shell:Skip shell extension 'powershell' for command environment: Not usable outside of PowerShell
[6.475s] DEBUG:colcon.colcon_core.shell:Skip shell extension 'dsv' for command environment
[7.063s] WARNING:colcon.colcon_ros.task.ament_python.build:Package 'robot_controller' doesn't explicitly install a marker in the package index (colcon-ros currently does it implicitly but that fallback will be removed in the future)
[7.065s] WARNING:colcon.colcon_ros.task.ament_python.build:Package 'robot_controller' doesn't explicitly install the 'package.xml' file (colcon-ros currently does it implicitly but that fallback will be removed in the future)
[7.066s] INFO:colcon.colcon_core.task.python.build:Building Python package in '/home/ros2/ros2_ws/src/robot_controller'
[7.067s] INFO:colcon.colcon_core.shell:Skip shell extension 'powershell' for command environment: Not usable outside of PowerShell
[7.067s] DEBUG:colcon.colcon_core.shell:Skip shell extension 'dsv' for command environment
[8.984s] DEBUG:colcon.colcon_core.event_handler.log_command:Invoking command in '/home/ros2/ros2_ws/src/robot_controller': PYTHONPATH=/home/ros2/ros2_ws/build/robot_controller/prefix_override:/usr/lib/python3/dist-packages/colcon_core/task/python/colcon_distutils_commands:/home/ros2/ros2_ws/install/robot_controller/lib/python3.8/site-packages:${PYTHONPATH} /usr/bin/python3 -W ignore:setup.py install is deprecated -W ignore:easy_install command is deprecated setup.py egg_info --egg-base ../../build/robot_controller build --build-base /home/ros2/ros2_ws/build/robot_controller/build install --record /home/ros2/ros2_ws/build/robot_controller/install.log --install-scripts $base/lib/robot_controller --single-version-externally-managed
[9.792s] DEBUG:colcon.colcon_core.event_handler.log_command:Invoked command in '/home/ros2/ros2_ws/src/robot_controller' returned '0': PYTHONPATH=/home/ros2/ros2_ws/build/robot_controller/prefix_override:/usr/lib/python3/dist-packages/colcon_core/task/python/colcon_distutils_commands:/home/ros2/ros2_ws/install/robot_controller/lib/python3.8/site-packages:${PYTHONPATH} /usr/bin/python3 -W ignore:setup.py install is deprecated -W ignore:easy_install command is deprecated setup.py egg_info --egg-base ../../build/robot_controller build --build-base /home/ros2/ros2_ws/build/robot_controller/build install --record /home/ros2/ros2_ws/build/robot_controller/install.log --install-scripts $base/lib/robot_controller --single-version-externally-managed
[9.865s] Level 1:colcon.colcon_core.environment:checking '/home/ros2/ros2_ws/install/robot_controller' for CMake module files
[9.866s] Level 1:colcon.colcon_core.environment:checking '/home/ros2/ros2_ws/install/robot_controller' for CMake config files
[9.868s] Level 1:colcon.colcon_core.environment:checking '/home/ros2/ros2_ws/install/robot_controller/lib'
[9.870s] Level 1:colcon.colcon_core.environment:checking '/home/ros2/ros2_ws/install/robot_controller/bin'
[9.870s] Level 1:colcon.colcon_core.environment:checking '/home/ros2/ros2_ws/install/robot_controller/lib/pkgconfig/robot_controller.pc'
[9.871s] Level 1:colcon.colcon_core.environment:checking '/home/ros2/ros2_ws/install/robot_controller/lib/python3.8/site-packages'
[9.871s] Level 1:colcon.colcon_core.shell:create_environment_hook('robot_controller', 'pythonpath')
[9.871s] INFO:colcon.colcon_core.shell:Creating environment hook '/home/ros2/ros2_ws/install/robot_controller/share/robot_controller/hook/pythonpath.ps1'
[9.872s] INFO:colcon.colcon_core.shell:Creating environment descriptor '/home/ros2/ros2_ws/install/robot_controller/share/robot_controller/hook/pythonpath.dsv'
[9.873s] INFO:colcon.colcon_core.shell:Creating environment hook '/home/ros2/ros2_ws/install/robot_controller/share/robot_controller/hook/pythonpath.sh'
[9.875s] Level 1:colcon.colcon_core.environment:checking '/home/ros2/ros2_ws/install/robot_controller/bin'
[9.875s] Level 1:colcon.colcon_core.environment:create_environment_scripts_only(robot_controller)
[9.876s] INFO:colcon.colcon_core.shell:Creating package script '/home/ros2/ros2_ws/install/robot_controller/share/robot_controller/package.ps1'
[9.894s] INFO:colcon.colcon_core.shell:Creating package descriptor '/home/ros2/ros2_ws/install/robot_controller/share/robot_controller/package.dsv'
[9.903s] INFO:colcon.colcon_core.shell:Creating package script '/home/ros2/ros2_ws/install/robot_controller/share/robot_controller/package.sh'
[9.906s] INFO:colcon.colcon_core.shell:Creating package script '/home/ros2/ros2_ws/install/robot_controller/share/robot_controller/package.bash'
[9.934s] INFO:colcon.colcon_core.shell:Creating package script '/home/ros2/ros2_ws/install/robot_controller/share/robot_controller/package.zsh'
[9.958s] Level 1:colcon.colcon_core.environment:create_file_with_runtime_dependencies(/home/ros2/ros2_ws/install/robot_controller/share/colcon-core/packages/robot_controller)
[9.959s] DEBUG:colcon.colcon_parallel_executor.executor.parallel:closing loop
[9.959s] DEBUG:colcon.colcon_parallel_executor.executor.parallel:loop closed
[9.959s] DEBUG:colcon.colcon_parallel_executor.executor.parallel:run_until_complete finished with '0'
[9.960s] DEBUG:colcon.colcon_core.event_reactor:joining thread
[10.051s] INFO:colcon.colcon_core.plugin_system:Skipping extension 'colcon_notification.desktop_notification.terminal_notifier': Not used on non-Darwin systems
[10.052s] INFO:colcon.colcon_core.plugin_system:Skipping extension 'colcon_notification.desktop_notification.win32': Not used on non-Windows systems
[10.052s] INFO:colcon.colcon_notification.desktop_notification:Sending desktop notification using 'notify2'
[10.151s] DEBUG:colcon.colcon_core.event_reactor:joined thread
[10.152s] INFO:colcon.colcon_core.shell:Creating prefix script '/home/ros2/ros2_ws/install/local_setup.ps1'
[10.169s] INFO:colcon.colcon_core.shell:Creating prefix util module '/home/ros2/ros2_ws/install/_local_setup_util_ps1.py'
[10.180s] INFO:colcon.colcon_core.shell:Creating prefix chain script '/home/ros2/ros2_ws/install/setup.ps1'
[10.196s] INFO:colcon.colcon_core.shell:Creating prefix script '/home/ros2/ros2_ws/install/local_setup.sh'
[10.208s] INFO:colcon.colcon_core.shell:Creating prefix util module '/home/ros2/ros2_ws/install/_local_setup_util_sh.py'
[10.210s] INFO:colcon.colcon_core.shell:Creating prefix chain script '/home/ros2/ros2_ws/install/setup.sh'
[10.213s] INFO:colcon.colcon_core.shell:Creating prefix script '/home/ros2/ros2_ws/install/local_setup.bash'
[10.214s] INFO:colcon.colcon_core.shell:Creating prefix chain script '/home/ros2/ros2_ws/install/setup.bash'
[10.218s] INFO:colcon.colcon_core.shell:Creating prefix script '/home/ros2/ros2_ws/install/local_setup.zsh'
[10.219s] INFO:colcon.colcon_core.shell:Creating prefix chain script '/home/ros2/ros2_ws/install/setup.zsh'
