[1.578s] Invoking command in '/home/ros2/ros2_ws/src/robot_controller': PYTHONPATH=/home/ros2/ros2_ws/build/robot_controller/prefix_override:/usr/lib/python3/dist-packages/colcon_core/task/python/colcon_distutils_commands:/home/ros2/ros2_ws/install/robot_controller/lib/python3.8/site-packages:${PYTHONPATH} /usr/bin/python3 -W ignore:setup.py install is deprecated -W ignore:easy_install command is deprecated setup.py egg_info --egg-base ../../build/robot_controller build --build-base /home/ros2/ros2_ws/build/robot_controller/build install --record /home/ros2/ros2_ws/build/robot_controller/install.log --install-scripts $base/lib/robot_controller --single-version-externally-managed
[2.100s] running egg_info
[2.101s] writing ../../build/robot_controller/robot_controller.egg-info/PKG-INFO
[2.101s] writing dependency_links to ../../build/robot_controller/robot_controller.egg-info/dependency_links.txt
[2.102s] writing entry points to ../../build/robot_controller/robot_controller.egg-info/entry_points.txt
[2.102s] writing requirements to ../../build/robot_controller/robot_controller.egg-info/requires.txt
[2.102s] writing top-level names to ../../build/robot_controller/robot_controller.egg-info/top_level.txt
[2.205s] reading manifest file '../../build/robot_controller/robot_controller.egg-info/SOURCES.txt'
[2.207s] writing manifest file '../../build/robot_controller/robot_controller.egg-info/SOURCES.txt'
[2.207s] running build
[2.207s] running build_py
[2.208s] copying robot_controller/robot_controller.py -> /home/ros2/ros2_ws/build/robot_controller/build/lib/robot_controller
[2.208s] running install
[2.210s] running install_lib
[2.211s] copying /home/ros2/ros2_ws/build/robot_controller/build/lib/robot_controller/robot_controller.py -> /home/ros2/ros2_ws/install/robot_controller/lib/python3.8/site-packages/robot_controller
[2.212s] byte-compiling /home/ros2/ros2_ws/install/robot_controller/lib/python3.8/site-packages/robot_controller/robot_controller.py to robot_controller.cpython-38.pyc
[2.216s] Sorry: TabError: inconsistent use of tabs and spaces in indentation (robot_controller.py, line 18)
[2.217s] running install_egg_info
[2.220s] removing '/home/ros2/ros2_ws/install/robot_controller/lib/python3.8/site-packages/robot_controller-0.0.0-py3.8.egg-info' (and everything under it)
[2.220s] Copying ../../build/robot_controller/robot_controller.egg-info to /home/ros2/ros2_ws/install/robot_controller/lib/python3.8/site-packages/robot_controller-0.0.0-py3.8.egg-info
[2.222s] running install_scripts
[2.262s] Installing robot_controller script to /home/ros2/ros2_ws/install/robot_controller/lib/robot_controller
[2.263s] writing list of installed files to '/home/ros2/ros2_ws/build/robot_controller/install.log'
[2.309s] Invoked command in '/home/ros2/ros2_ws/src/robot_controller' returned '0': PYTHONPATH=/home/ros2/ros2_ws/build/robot_controller/prefix_override:/usr/lib/python3/dist-packages/colcon_core/task/python/colcon_distutils_commands:/home/ros2/ros2_ws/install/robot_controller/lib/python3.8/site-packages:${PYTHONPATH} /usr/bin/python3 -W ignore:setup.py install is deprecated -W ignore:easy_install command is deprecated setup.py egg_info --egg-base ../../build/robot_controller build --build-base /home/ros2/ros2_ws/build/robot_controller/build install --record /home/ros2/ros2_ws/build/robot_controller/install.log --install-scripts $base/lib/robot_controller --single-version-externally-managed
