[2.579s] Invoking command in '/home/ros2/ros2_ws/src/robot_controller': PYTHONPATH=/home/ros2/ros2_ws/build/robot_controller/prefix_override:/usr/lib/python3/dist-packages/colcon_core/task/python/colcon_distutils_commands:/home/ros2/ros2_ws/install/robot_controller/lib/python3.8/site-packages:${PYTHONPATH} /usr/bin/python3 -W ignore:setup.py install is deprecated -W ignore:easy_install command is deprecated setup.py egg_info --egg-base ../../build/robot_controller build --build-base /home/ros2/ros2_ws/build/robot_controller/build install --record /home/ros2/ros2_ws/build/robot_controller/install.log --install-scripts $base/lib/robot_controller --single-version-externally-managed
[3.103s] running egg_info
[3.104s] creating ../../build/robot_controller/robot_controller.egg-info
[3.104s] writing ../../build/robot_controller/robot_controller.egg-info/PKG-INFO
[3.105s] writing dependency_links to ../../build/robot_controller/robot_controller.egg-info/dependency_links.txt
[3.105s] writing entry points to ../../build/robot_controller/robot_controller.egg-info/entry_points.txt
[3.105s] writing requirements to ../../build/robot_controller/robot_controller.egg-info/requires.txt
[3.106s] writing top-level names to ../../build/robot_controller/robot_controller.egg-info/top_level.txt
[3.143s] writing manifest file '../../build/robot_controller/robot_controller.egg-info/SOURCES.txt'
[3.243s] reading manifest file '../../build/robot_controller/robot_controller.egg-info/SOURCES.txt'
[3.245s] writing manifest file '../../build/robot_controller/robot_controller.egg-info/SOURCES.txt'
[3.246s] running build
[3.246s] running build_py
[3.246s] creating /home/ros2/ros2_ws/build/robot_controller/build
[3.247s] creating /home/ros2/ros2_ws/build/robot_controller/build/lib
[3.247s] creating /home/ros2/ros2_ws/build/robot_controller/build/lib/robot_controller
[3.247s] copying robot_controller/__init__.py -> /home/ros2/ros2_ws/build/robot_controller/build/lib/robot_controller
[3.248s] copying robot_controller/robot_controller.py -> /home/ros2/ros2_ws/build/robot_controller/build/lib/robot_controller
[3.249s] running install
[3.251s] running install_lib
[3.253s] creating /home/ros2/ros2_ws/install/robot_controller/lib/python3.8/site-packages/robot_controller
[3.253s] copying /home/ros2/ros2_ws/build/robot_controller/build/lib/robot_controller/robot_controller.py -> /home/ros2/ros2_ws/install/robot_controller/lib/python3.8/site-packages/robot_controller
[3.254s] copying /home/ros2/ros2_ws/build/robot_controller/build/lib/robot_controller/__init__.py -> /home/ros2/ros2_ws/install/robot_controller/lib/python3.8/site-packages/robot_controller
[3.255s] byte-compiling /home/ros2/ros2_ws/install/robot_controller/lib/python3.8/site-packages/robot_controller/robot_controller.py to robot_controller.cpython-38.pyc
[3.260s] byte-compiling /home/ros2/ros2_ws/install/robot_controller/lib/python3.8/site-packages/robot_controller/__init__.py to __init__.cpython-38.pyc
[3.260s] running install_egg_info
[3.265s] Copying ../../build/robot_controller/robot_controller.egg-info to /home/ros2/ros2_ws/install/robot_controller/lib/python3.8/site-packages/robot_controller-0.0.0-py3.8.egg-info
[3.266s] running install_scripts
[3.306s] Installing robot_controller script to /home/ros2/ros2_ws/install/robot_controller/lib/robot_controller
[3.307s] writing list of installed files to '/home/ros2/ros2_ws/build/robot_controller/install.log'
[3.348s] Invoked command in '/home/ros2/ros2_ws/src/robot_controller' returned '0': PYTHONPATH=/home/ros2/ros2_ws/build/robot_controller/prefix_override:/usr/lib/python3/dist-packages/colcon_core/task/python/colcon_distutils_commands:/home/ros2/ros2_ws/install/robot_controller/lib/python3.8/site-packages:${PYTHONPATH} /usr/bin/python3 -W ignore:setup.py install is deprecated -W ignore:easy_install command is deprecated setup.py egg_info --egg-base ../../build/robot_controller build --build-base /home/ros2/ros2_ws/build/robot_controller/build install --record /home/ros2/ros2_ws/build/robot_controller/install.log --install-scripts $base/lib/robot_controller --single-version-externally-managed
