[2.773s] Invoking command in '/home/ros2/ros2_ws/src/robot_controller': PYTHONPATH=/home/ros2/ros2_ws/build/robot_controller/prefix_override:/usr/lib/python3/dist-packages/colcon_core/task/python/colcon_distutils_commands:/home/ros2/ros2_ws/install/robot_controller/lib/python3.8/site-packages:${PYTHONPATH} /usr/bin/python3 -W ignore:setup.py install is deprecated -W ignore:easy_install command is deprecated setup.py egg_info --egg-base ../../build/robot_controller build --build-base /home/ros2/ros2_ws/build/robot_controller/build install --record /home/ros2/ros2_ws/build/robot_controller/install.log --install-scripts $base/lib/robot_controller --single-version-externally-managed
[3.775s] running egg_info
[3.776s] writing ../../build/robot_controller/robot_controller.egg-info/PKG-INFO
[3.777s] writing dependency_links to ../../build/robot_controller/robot_controller.egg-info/dependency_links.txt
[3.784s] writing entry points to ../../build/robot_controller/robot_controller.egg-info/entry_points.txt
[3.784s] writing requirements to ../../build/robot_controller/robot_controller.egg-info/requires.txt
[3.784s] writing top-level names to ../../build/robot_controller/robot_controller.egg-info/top_level.txt
[3.930s] reading manifest file '../../build/robot_controller/robot_controller.egg-info/SOURCES.txt'
[3.934s] writing manifest file '../../build/robot_controller/robot_controller.egg-info/SOURCES.txt'
[3.934s] running build
[3.936s] running build_py
[3.937s] running install
[3.938s] running install_lib
[3.944s] running install_egg_info
[3.950s] removing '/home/ros2/ros2_ws/install/robot_controller/lib/python3.8/site-packages/robot_controller-0.0.0-py3.8.egg-info' (and everything under it)
[3.951s] Copying ../../build/robot_controller/robot_controller.egg-info to /home/ros2/ros2_ws/install/robot_controller/lib/python3.8/site-packages/robot_controller-0.0.0-py3.8.egg-info
[3.953s] running install_scripts
[4.013s] Installing robot_controller script to /home/ros2/ros2_ws/install/robot_controller/lib/robot_controller
[4.015s] writing list of installed files to '/home/ros2/ros2_ws/build/robot_controller/install.log'
[4.107s] Invoked command in '/home/ros2/ros2_ws/src/robot_controller' returned '0': PYTHONPATH=/home/ros2/ros2_ws/build/robot_controller/prefix_override:/usr/lib/python3/dist-packages/colcon_core/task/python/colcon_distutils_commands:/home/ros2/ros2_ws/install/robot_controller/lib/python3.8/site-packages:${PYTHONPATH} /usr/bin/python3 -W ignore:setup.py install is deprecated -W ignore:easy_install command is deprecated setup.py egg_info --egg-base ../../build/robot_controller build --build-base /home/ros2/ros2_ws/build/robot_controller/build install --record /home/ros2/ros2_ws/build/robot_controller/install.log --install-scripts $base/lib/robot_controller --single-version-externally-managed
