[1.594s] Invoking command in '/home/ros2/ros2_ws/src/robot_controller': PYTHONPATH=/home/ros2/ros2_ws/build/robot_controller/prefix_override:/usr/lib/python3/dist-packages/colcon_core/task/python/colcon_distutils_commands:/home/ros2/ros2_ws/install/robot_controller/lib/python3.8/site-packages:${PYTHONPATH} /usr/bin/python3 -W ignore:setup.py install is deprecated -W ignore:easy_install command is deprecated setup.py egg_info --egg-base ../../build/robot_controller build --build-base /home/ros2/ros2_ws/build/robot_controller/build install --record /home/ros2/ros2_ws/build/robot_controller/install.log --install-scripts $base/lib/robot_controller --single-version-externally-managed
[2.109s] running egg_info
[2.110s] writing ../../build/robot_controller/robot_controller.egg-info/PKG-INFO
[2.110s] writing dependency_links to ../../build/robot_controller/robot_controller.egg-info/dependency_links.txt
[2.111s] writing entry points to ../../build/robot_controller/robot_controller.egg-info/entry_points.txt
[2.112s] writing requirements to ../../build/robot_controller/robot_controller.egg-info/requires.txt
[2.112s] writing top-level names to ../../build/robot_controller/robot_controller.egg-info/top_level.txt
[2.217s] reading manifest file '../../build/robot_controller/robot_controller.egg-info/SOURCES.txt'
[2.219s] writing manifest file '../../build/robot_controller/robot_controller.egg-info/SOURCES.txt'
[2.220s] running build
[2.220s] running build_py
[2.220s] copying robot_controller/robot_controller.py -> /home/ros2/ros2_ws/build/robot_controller/build/lib/robot_controller
[2.221s] running install
[2.224s] running install_lib
[2.226s] copying /home/ros2/ros2_ws/build/robot_controller/build/lib/robot_controller/robot_controller.py -> /home/ros2/ros2_ws/install/robot_controller/lib/python3.8/site-packages/robot_controller
[2.227s] byte-compiling /home/ros2/ros2_ws/install/robot_controller/lib/python3.8/site-packages/robot_controller/robot_controller.py to robot_controller.cpython-38.pyc
[2.233s] running install_egg_info
[2.237s] removing '/home/ros2/ros2_ws/install/robot_controller/lib/python3.8/site-packages/robot_controller-0.0.0-py3.8.egg-info' (and everything under it)
[2.238s] Copying ../../build/robot_controller/robot_controller.egg-info to /home/ros2/ros2_ws/install/robot_controller/lib/python3.8/site-packages/robot_controller-0.0.0-py3.8.egg-info
[2.241s] running install_scripts
[2.286s] Installing robot_controller script to /home/ros2/ros2_ws/install/robot_controller/lib/robot_controller
[2.287s] writing list of installed files to '/home/ros2/ros2_ws/build/robot_controller/install.log'
[2.336s] Invoked command in '/home/ros2/ros2_ws/src/robot_controller' returned '0': PYTHONPATH=/home/ros2/ros2_ws/build/robot_controller/prefix_override:/usr/lib/python3/dist-packages/colcon_core/task/python/colcon_distutils_commands:/home/ros2/ros2_ws/install/robot_controller/lib/python3.8/site-packages:${PYTHONPATH} /usr/bin/python3 -W ignore:setup.py install is deprecated -W ignore:easy_install command is deprecated setup.py egg_info --egg-base ../../build/robot_controller build --build-base /home/ros2/ros2_ws/build/robot_controller/build install --record /home/ros2/ros2_ws/build/robot_controller/install.log --install-scripts $base/lib/robot_controller --single-version-externally-managed
