[2.081s] Invoking command in '/home/ros2/ros2_ws/src/robot_controller': PYTHONPATH=/home/ros2/ros2_ws/build/robot_controller/prefix_override:/usr/lib/python3/dist-packages/colcon_core/task/python/colcon_distutils_commands:/home/ros2/ros2_ws/install/robot_controller/lib/python3.8/site-packages:${PYTHONPATH} /usr/bin/python3 -W ignore:setup.py install is deprecated -W ignore:easy_install command is deprecated setup.py egg_info --egg-base ../../build/robot_controller build --build-base /home/ros2/ros2_ws/build/robot_controller/build install --record /home/ros2/ros2_ws/build/robot_controller/install.log --install-scripts $base/lib/robot_controller --single-version-externally-managed
[3.024s] running egg_info
[3.026s] writing ../../build/robot_controller/robot_controller.egg-info/PKG-INFO
[3.027s] writing dependency_links to ../../build/robot_controller/robot_controller.egg-info/dependency_links.txt
[3.027s] writing entry points to ../../build/robot_controller/robot_controller.egg-info/entry_points.txt
[3.028s] writing requirements to ../../build/robot_controller/robot_controller.egg-info/requires.txt
[3.028s] writing top-level names to ../../build/robot_controller/robot_controller.egg-info/top_level.txt
[3.190s] reading manifest file '../../build/robot_controller/robot_controller.egg-info/SOURCES.txt'
[3.193s] writing manifest file '../../build/robot_controller/robot_controller.egg-info/SOURCES.txt'
[3.194s] running build
[3.194s] running build_py
[3.197s] running install
[3.200s] running install_lib
[3.203s] running install_egg_info
[3.207s] removing '/home/ros2/ros2_ws/install/robot_controller/lib/python3.8/site-packages/robot_controller-0.0.0-py3.8.egg-info' (and everything under it)
[3.208s] Copying ../../build/robot_controller/robot_controller.egg-info to /home/ros2/ros2_ws/install/robot_controller/lib/python3.8/site-packages/robot_controller-0.0.0-py3.8.egg-info
[3.210s] running install_scripts
[3.275s] Installing robot_controller script to /home/ros2/ros2_ws/install/robot_controller/lib/robot_controller
[3.276s] writing list of installed files to '/home/ros2/ros2_ws/build/robot_controller/install.log'
[3.357s] Invoked command in '/home/ros2/ros2_ws/src/robot_controller' returned '0': PYTHONPATH=/home/ros2/ros2_ws/build/robot_controller/prefix_override:/usr/lib/python3/dist-packages/colcon_core/task/python/colcon_distutils_commands:/home/ros2/ros2_ws/install/robot_controller/lib/python3.8/site-packages:${PYTHONPATH} /usr/bin/python3 -W ignore:setup.py install is deprecated -W ignore:easy_install command is deprecated setup.py egg_info --egg-base ../../build/robot_controller build --build-base /home/ros2/ros2_ws/build/robot_controller/build install --record /home/ros2/ros2_ws/build/robot_controller/install.log --install-scripts $base/lib/robot_controller --single-version-externally-managed
