[2.596s] Invoking command in '/home/ros2/ros2_ws/src/robot_controller': PYTHONPATH=/home/ros2/ros2_ws/build/robot_controller/prefix_override:/usr/lib/python3/dist-packages/colcon_core/task/python/colcon_distutils_commands:/home/ros2/ros2_ws/install/robot_controller/lib/python3.8/site-packages:${PYTHONPATH} /usr/bin/python3 -W ignore:setup.py install is deprecated -W ignore:easy_install command is deprecated setup.py egg_info --egg-base ../../build/robot_controller build --build-base /home/ros2/ros2_ws/build/robot_controller/build install --record /home/ros2/ros2_ws/build/robot_controller/install.log --install-scripts $base/lib/robot_controller --single-version-externally-managed
[3.116s] running egg_info
[3.117s] writing ../../build/robot_controller/robot_controller.egg-info/PKG-INFO
[3.132s] writing dependency_links to ../../build/robot_controller/robot_controller.egg-info/dependency_links.txt
[3.132s] writing entry points to ../../build/robot_controller/robot_controller.egg-info/entry_points.txt
[3.133s] writing requirements to ../../build/robot_controller/robot_controller.egg-info/requires.txt
[3.133s] writing top-level names to ../../build/robot_controller/robot_controller.egg-info/top_level.txt
[3.282s] reading manifest file '../../build/robot_controller/robot_controller.egg-info/SOURCES.txt'
[3.294s] writing manifest file '../../build/robot_controller/robot_controller.egg-info/SOURCES.txt'
[3.294s] running build
[3.294s] running build_py
[3.303s] running install
[3.304s] running install_lib
[3.308s] running install_egg_info
[3.311s] removing '/home/ros2/ros2_ws/install/robot_controller/lib/python3.8/site-packages/robot_controller-0.0.0-py3.8.egg-info' (and everything under it)
[3.312s] Copying ../../build/robot_controller/robot_controller.egg-info to /home/ros2/ros2_ws/install/robot_controller/lib/python3.8/site-packages/robot_controller-0.0.0-py3.8.egg-info
[3.321s] running install_scripts
[3.361s] Installing robot_controller script to /home/ros2/ros2_ws/install/robot_controller/lib/robot_controller
[3.363s] writing list of installed files to '/home/ros2/ros2_ws/build/robot_controller/install.log'
[3.404s] Invoked command in '/home/ros2/ros2_ws/src/robot_controller' returned '0': PYTHONPATH=/home/ros2/ros2_ws/build/robot_controller/prefix_override:/usr/lib/python3/dist-packages/colcon_core/task/python/colcon_distutils_commands:/home/ros2/ros2_ws/install/robot_controller/lib/python3.8/site-packages:${PYTHONPATH} /usr/bin/python3 -W ignore:setup.py install is deprecated -W ignore:easy_install command is deprecated setup.py egg_info --egg-base ../../build/robot_controller build --build-base /home/ros2/ros2_ws/build/robot_controller/build install --record /home/ros2/ros2_ws/build/robot_controller/install.log --install-scripts $base/lib/robot_controller --single-version-externally-managed
